<?xml version="1.0" encoding="UTF-8"?>
<!-- Generated by org.testng.reporters.JUnitReportReporter -->
<testsuite hostname="LPDEV01" failures="0" tests="5" name="mainPackage.RunnerClass" time="3146.000" errors="0" timestamp="2024-04-08T16:27:32 IST" skipped="0">
  <testcase classname="mainPackage.RunnerClass" name="testMethod" time="781.534"/>
  <system-out/>
  <testcase classname="mainPackage.RunnerClass" name="testMethod" time="471.667"/>
  <system-out/>
  <testcase classname="mainPackage.RunnerClass" name="testMethod" time="728.925"/>
  <system-out/>
  <testcase classname="mainPackage.RunnerClass" name="testMethod" time="532.566"/>
  <system-out/>
  <testcase classname="mainPackage.RunnerClass" name="testMethod" time="631.308"/>
  <system-out/>
</testsuite> <!-- mainPackage.RunnerClass -->
