<?xml version="1.0" encoding="UTF-8"?>
<!-- Generated by org.testng.reporters.JUnitReportReporter -->
<testsuite hostname="azrsrv002" failures="0" tests="1" name="mainPackage.RunnerClass" time="3476.606" errors="0" timestamp="2024-04-19T08:18:09 EDT" skipped="0">
  <testcase classname="mainPackage.RunnerClass" name="testMethod" time="3476.606"/>
  <system-out/>
</testsuite> <!-- mainPackage.RunnerClass -->
