<?xml version="1.0" encoding="UTF-8"?>
<!-- Generated by org.testng.reporters.JUnitReportReporter -->
<testsuite hostname="LPDEV01" failures="0" tests="5" name="mainPackage.RunnerClass" time="1747.060" errors="0" timestamp="2024-04-11T18:12:44 IST" skipped="0">
  <testcase classname="mainPackage.RunnerClass" name="testMethod" time="319.483"/>
  <system-out/>
  <testcase classname="mainPackage.RunnerClass" name="testMethod" time="479.989"/>
  <system-out/>
  <testcase classname="mainPackage.RunnerClass" name="testMethod" time="455.351"/>
  <system-out/>
  <testcase classname="mainPackage.RunnerClass" name="testMethod" time="293.711"/>
  <system-out/>
  <testcase classname="mainPackage.RunnerClass" name="testMethod" time="198.526"/>
  <system-out/>
</testsuite> <!-- mainPackage.RunnerClass -->
