<?xml version="1.0" encoding="UTF-8"?>
<!-- Generated by org.testng.reporters.JUnitReportReporter -->
<testsuite hostname="LPDEV01" failures="0" tests="5" name="mainPackage.RunnerClass" time="1132.687" errors="0" timestamp="2024-04-02T18:06:15 IST" skipped="0">
  <testcase classname="mainPackage.RunnerClass" name="testMethod" time="227.922"/>
  <system-out/>
  <testcase classname="mainPackage.RunnerClass" name="testMethod" time="307.786"/>
  <system-out/>
  <testcase classname="mainPackage.RunnerClass" name="testMethod" time="216.219"/>
  <system-out/>
  <testcase classname="mainPackage.RunnerClass" name="testMethod" time="230.032"/>
  <system-out/>
  <testcase classname="mainPackage.RunnerClass" name="testMethod" time="150.728"/>
  <system-out/>
</testsuite> <!-- mainPackage.RunnerClass -->
