<?xml version="1.0" encoding="UTF-8"?>
<!-- Generated by org.testng.reporters.JUnitReportReporter -->
<testsuite hostname="LPDEV01" failures="0" tests="1" name="mainPackage.RunnerClass" time="403.953" errors="0" timestamp="2024-04-15T18:32:17 IST" skipped="0">
  <testcase classname="mainPackage.RunnerClass" name="testMethod" time="403.953"/>
  <system-out/>
</testsuite> <!-- mainPackage.RunnerClass -->
