<?xml version="1.0" encoding="UTF-8"?>
<!-- Generated by org.testng.reporters.JUnitReportReporter -->
<testsuite hostname="azrsrv002" failures="0" tests="1" name="mainPackage.RunnerClass" time="218.983" errors="0" timestamp="2024-04-22T09:14:24 EDT" skipped="0">
  <testcase classname="mainPackage.RunnerClass" name="testMethod" time="218.983"/>
  <system-out/>
</testsuite> <!-- mainPackage.RunnerClass -->
