<?xml version="1.0" encoding="UTF-8"?>
<!-- Generated by org.testng.reporters.JUnitReportReporter -->
<testsuite hostname="LPDEV01" failures="0" tests="1" name="mainPackage.RunnerClass" time="268.761" errors="0" timestamp="2024-04-16T16:42:48 IST" skipped="0">
  <testcase classname="mainPackage.RunnerClass" name="testMethod" time="268.761"/>
  <system-out/>
</testsuite> <!-- mainPackage.RunnerClass -->
