<?xml version="1.0" encoding="UTF-8"?>
<!-- Generated by org.testng.reporters.JUnitReportReporter -->
<testsuite hostname="azrsrv002" failures="0" tests="1" name="mainPackage.RunnerClass" time="242.576" errors="0" timestamp="2024-04-24T03:56:37 EDT" skipped="0">
  <testcase classname="mainPackage.RunnerClass" name="testMethod" time="242.576"/>
  <system-out/>
</testsuite> <!-- mainPackage.RunnerClass -->
