<?xml version="1.0" encoding="UTF-8"?>
<!-- Generated by org.testng.reporters.JUnitReportReporter -->
<testsuite hostname="LPDEV01" failures="0" tests="5" name="mainPackage.RunnerClass" time="1053.219" errors="0" timestamp="2024-03-28T17:22:40 IST" skipped="0">
  <testcase classname="mainPackage.RunnerClass" name="testMethod" time="216.238"/>
  <system-out/>
  <testcase classname="mainPackage.RunnerClass" name="testMethod" time="224.436"/>
  <system-out/>
  <testcase classname="mainPackage.RunnerClass" name="testMethod" time="223.845"/>
  <system-out/>
  <testcase classname="mainPackage.RunnerClass" name="testMethod" time="108.240"/>
  <system-out/>
  <testcase classname="mainPackage.RunnerClass" name="testMethod" time="280.460"/>
  <system-out/>
</testsuite> <!-- mainPackage.RunnerClass -->
