<?xml version="1.0" encoding="UTF-8"?>
<!-- Generated by org.testng.reporters.JUnitReportReporter -->
<testsuite hostname="LPDEV01" failures="0" tests="5" name="mainPackage.RunnerClass" time="991.162" errors="0" timestamp="2024-03-28T16:47:28 IST" skipped="0">
  <testcase classname="mainPackage.RunnerClass" name="testMethod" time="216.304"/>
  <system-out/>
  <testcase classname="mainPackage.RunnerClass" name="testMethod" time="100.265"/>
  <system-out/>
  <testcase classname="mainPackage.RunnerClass" name="testMethod" time="222.992"/>
  <system-out/>
  <testcase classname="mainPackage.RunnerClass" name="testMethod" time="225.635"/>
  <system-out/>
  <testcase classname="mainPackage.RunnerClass" name="testMethod" time="225.966"/>
  <system-out/>
</testsuite> <!-- mainPackage.RunnerClass -->
