<?xml version="1.0" encoding="UTF-8"?>
<!-- Generated by org.testng.reporters.JUnitReportReporter -->
<testsuite hostname="LPDEV01" failures="0" tests="1" name="mainPackage.RunnerClass" time="88.893" errors="0" timestamp="2024-05-15T11:16:36 IST" skipped="0">
  <testcase classname="mainPackage.RunnerClass" name="testMethod" time="88.893"/>
  <system-out/>
</testsuite> <!-- mainPackage.RunnerClass -->
