<?xml version="1.0" encoding="UTF-8"?>
<!-- Generated by org.testng.reporters.JUnitReportReporter -->
<testsuite hostname="LPDEV01" failures="0" tests="1" name="mainPackage.RunnerClass" time="201.610" errors="0" timestamp="2024-06-10T19:58:37 IST" skipped="0">
  <testcase classname="mainPackage.RunnerClass" name="testMethod" time="201.610"/>
  <system-out/>
</testsuite> <!-- mainPackage.RunnerClass -->
