<?xml version="1.0" encoding="UTF-8"?>
<!-- Generated by org.testng.reporters.JUnitReportReporter -->
<testsuite hostname="LPDEV01" failures="0" tests="6" name="mainPackage.RunnerClass" time="586.026" errors="0" timestamp="2024-05-02T18:16:56 IST" skipped="0">
  <testcase classname="mainPackage.RunnerClass" name="testMethod" time="127.230"/>
  <system-out/>
  <testcase classname="mainPackage.RunnerClass" name="testMethod" time="89.152"/>
  <system-out/>
  <testcase classname="mainPackage.RunnerClass" name="testMethod" time="113.905"/>
  <system-out/>
  <testcase classname="mainPackage.RunnerClass" name="testMethod" time="120.719"/>
  <system-out/>
  <testcase classname="mainPackage.RunnerClass" name="testMethod" time="81.501"/>
  <system-out/>
  <testcase classname="mainPackage.RunnerClass" name="testMethod" time="53.519"/>
  <system-out/>
</testsuite> <!-- mainPackage.RunnerClass -->
