<?xml version="1.0" encoding="UTF-8"?>
<!-- Generated by org.testng.reporters.JUnitReportReporter -->
<testsuite hostname="LPDEV01" failures="0" tests="5" name="mainPackage.RunnerClass" time="2460.601" errors="0" timestamp="2024-04-04T16:50:03 IST" skipped="0">
  <testcase classname="mainPackage.RunnerClass" name="testMethod" time="422.132"/>
  <system-out/>
  <testcase classname="mainPackage.RunnerClass" name="testMethod" time="619.310"/>
  <system-out/>
  <testcase classname="mainPackage.RunnerClass" name="testMethod" time="689.281"/>
  <system-out/>
  <testcase classname="mainPackage.RunnerClass" name="testMethod" time="369.211"/>
  <system-out/>
  <testcase classname="mainPackage.RunnerClass" name="testMethod" time="360.667"/>
  <system-out/>
</testsuite> <!-- mainPackage.RunnerClass -->
