<?xml version="1.0" encoding="UTF-8"?>
<!-- Generated by org.testng.reporters.JUnitReportReporter -->
<testsuite hostname="LPDEV01" failures="0" tests="2" name="mainPackage.RunnerClass" time="478.078" errors="0" timestamp="2024-06-25T18:56:48 IST" skipped="0">
  <testcase classname="mainPackage.RunnerClass" name="testMethod" time="216.991"/>
  <system-out/>
  <testcase classname="mainPackage.RunnerClass" name="testMethod" time="261.087"/>
  <system-out/>
</testsuite> <!-- mainPackage.RunnerClass -->
