<?xml version="1.0" encoding="UTF-8"?>
<!-- Generated by org.testng.reporters.JUnitReportReporter -->
<testsuite hostname="LPDEV01" failures="0" tests="1" name="mainPackage.RunnerClass" time="96.132" errors="0" timestamp="2024-06-04T18:10:24 IST" skipped="0">
  <testcase classname="mainPackage.RunnerClass" name="testMethod" time="96.132"/>
  <system-out/>
</testsuite> <!-- mainPackage.RunnerClass -->
