<?xml version="1.0" encoding="UTF-8"?>
<!-- Generated by org.testng.reporters.JUnitReportReporter -->
<testsuite hostname="LPDEV01" failures="0" tests="200" name="mainPackage.RunnerClass" time="52116.059" errors="0" timestamp="2024-04-09T00:21:34 IST" skipped="0">
  <testcase classname="mainPackage.RunnerClass" name="testMethod" time="233.603"/>
  <system-out/>
  <testcase classname="mainPackage.RunnerClass" name="testMethod" time="259.975"/>
  <system-out/>
  <testcase classname="mainPackage.RunnerClass" name="testMethod" time="251.243"/>
  <system-out/>
  <testcase classname="mainPackage.RunnerClass" name="testMethod" time="267.730"/>
  <system-out/>
  <testcase classname="mainPackage.RunnerClass" name="testMethod" time="84.097"/>
  <system-out/>
  <testcase classname="mainPackage.RunnerClass" name="testMethod" time="367.450"/>
  <system-out/>
  <testcase classname="mainPackage.RunnerClass" name="testMethod" time="277.487"/>
  <system-out/>
  <testcase classname="mainPackage.RunnerClass" name="testMethod" time="239.661"/>
  <system-out/>
  <testcase classname="mainPackage.RunnerClass" name="testMethod" time="228.113"/>
  <system-out/>
  <testcase classname="mainPackage.RunnerClass" name="testMethod" time="314.627"/>
  <system-out/>
  <testcase classname="mainPackage.RunnerClass" name="testMethod" time="300.258"/>
  <system-out/>
  <testcase classname="mainPackage.RunnerClass" name="testMethod" time="510.321"/>
  <system-out/>
  <testcase classname="mainPackage.RunnerClass" name="testMethod" time="246.568"/>
  <system-out/>
  <testcase classname="mainPackage.RunnerClass" name="testMethod" time="239.128"/>
  <system-out/>
  <testcase classname="mainPackage.RunnerClass" name="testMethod" time="253.898"/>
  <system-out/>
  <testcase classname="mainPackage.RunnerClass" name="testMethod" time="337.794"/>
  <system-out/>
  <testcase classname="mainPackage.RunnerClass" name="testMethod" time="196.112"/>
  <system-out/>
  <testcase classname="mainPackage.RunnerClass" name="testMethod" time="222.258"/>
  <system-out/>
  <testcase classname="mainPackage.RunnerClass" name="testMethod" time="223.531"/>
  <system-out/>
  <testcase classname="mainPackage.RunnerClass" name="testMethod" time="264.499"/>
  <system-out/>
  <testcase classname="mainPackage.RunnerClass" name="testMethod" time="251.382"/>
  <system-out/>
  <testcase classname="mainPackage.RunnerClass" name="testMethod" time="463.191"/>
  <system-out/>
  <testcase classname="mainPackage.RunnerClass" name="testMethod" time="229.419"/>
  <system-out/>
  <testcase classname="mainPackage.RunnerClass" name="testMethod" time="222.914"/>
  <system-out/>
  <testcase classname="mainPackage.RunnerClass" name="testMethod" time="280.269"/>
  <system-out/>
  <testcase classname="mainPackage.RunnerClass" name="testMethod" time="211.874"/>
  <system-out/>
  <testcase classname="mainPackage.RunnerClass" name="testMethod" time="191.120"/>
  <system-out/>
  <testcase classname="mainPackage.RunnerClass" name="testMethod" time="195.062"/>
  <system-out/>
  <testcase classname="mainPackage.RunnerClass" name="testMethod" time="219.419"/>
  <system-out/>
  <testcase classname="mainPackage.RunnerClass" name="testMethod" time="91.137"/>
  <system-out/>
  <testcase classname="mainPackage.RunnerClass" name="testMethod" time="232.378"/>
  <system-out/>
  <testcase classname="mainPackage.RunnerClass" name="testMethod" time="224.310"/>
  <system-out/>
  <testcase classname="mainPackage.RunnerClass" name="testMethod" time="200.480"/>
  <system-out/>
  <testcase classname="mainPackage.RunnerClass" name="testMethod" time="82.451"/>
  <system-out/>
  <testcase classname="mainPackage.RunnerClass" name="testMethod" time="247.623"/>
  <system-out/>
  <testcase classname="mainPackage.RunnerClass" name="testMethod" time="43.987"/>
  <system-out/>
  <testcase classname="mainPackage.RunnerClass" name="testMethod" time="466.766"/>
  <system-out/>
  <testcase classname="mainPackage.RunnerClass" name="testMethod" time="201.995"/>
  <system-out/>
  <testcase classname="mainPackage.RunnerClass" name="testMethod" time="215.514"/>
  <system-out/>
  <testcase classname="mainPackage.RunnerClass" name="testMethod" time="233.197"/>
  <system-out/>
  <testcase classname="mainPackage.RunnerClass" name="testMethod" time="213.934"/>
  <system-out/>
  <testcase classname="mainPackage.RunnerClass" name="testMethod" time="459.958"/>
  <system-out/>
  <testcase classname="mainPackage.RunnerClass" name="testMethod" time="216.213"/>
  <system-out/>
  <testcase classname="mainPackage.RunnerClass" name="testMethod" time="238.843"/>
  <system-out/>
  <testcase classname="mainPackage.RunnerClass" name="testMethod" time="244.211"/>
  <system-out/>
  <testcase classname="mainPackage.RunnerClass" name="testMethod" time="198.576"/>
  <system-out/>
  <testcase classname="mainPackage.RunnerClass" name="testMethod" time="99.328"/>
  <system-out/>
  <testcase classname="mainPackage.RunnerClass" name="testMethod" time="226.902"/>
  <system-out/>
  <testcase classname="mainPackage.RunnerClass" name="testMethod" time="482.272"/>
  <system-out/>
  <testcase classname="mainPackage.RunnerClass" name="testMethod" time="227.176"/>
  <system-out/>
  <testcase classname="mainPackage.RunnerClass" name="testMethod" time="232.118"/>
  <system-out/>
  <testcase classname="mainPackage.RunnerClass" name="testMethod" time="260.591"/>
  <system-out/>
  <testcase classname="mainPackage.RunnerClass" name="testMethod" time="223.317"/>
  <system-out/>
  <testcase classname="mainPackage.RunnerClass" name="testMethod" time="220.694"/>
  <system-out/>
  <testcase classname="mainPackage.RunnerClass" name="testMethod" time="241.506"/>
  <system-out/>
  <testcase classname="mainPackage.RunnerClass" name="testMethod" time="241.564"/>
  <system-out/>
  <testcase classname="mainPackage.RunnerClass" name="testMethod" time="251.790"/>
  <system-out/>
  <testcase classname="mainPackage.RunnerClass" name="testMethod" time="189.464"/>
  <system-out/>
  <testcase classname="mainPackage.RunnerClass" name="testMethod" time="213.803"/>
  <system-out/>
  <testcase classname="mainPackage.RunnerClass" name="testMethod" time="119.916"/>
  <system-out/>
  <testcase classname="mainPackage.RunnerClass" name="testMethod" time="218.451"/>
  <system-out/>
  <testcase classname="mainPackage.RunnerClass" name="testMethod" time="283.602"/>
  <system-out/>
  <testcase classname="mainPackage.RunnerClass" name="testMethod" time="275.231"/>
  <system-out/>
  <testcase classname="mainPackage.RunnerClass" name="testMethod" time="214.179"/>
  <system-out/>
  <testcase classname="mainPackage.RunnerClass" name="testMethod" time="211.008"/>
  <system-out/>
  <testcase classname="mainPackage.RunnerClass" name="testMethod" time="233.023"/>
  <system-out/>
  <testcase classname="mainPackage.RunnerClass" name="testMethod" time="228.804"/>
  <system-out/>
  <testcase classname="mainPackage.RunnerClass" name="testMethod" time="274.568"/>
  <system-out/>
  <testcase classname="mainPackage.RunnerClass" name="testMethod" time="468.674"/>
  <system-out/>
  <testcase classname="mainPackage.RunnerClass" name="testMethod" time="270.619"/>
  <system-out/>
  <testcase classname="mainPackage.RunnerClass" name="testMethod" time="250.418"/>
  <system-out/>
  <testcase classname="mainPackage.RunnerClass" name="testMethod" time="236.709"/>
  <system-out/>
  <testcase classname="mainPackage.RunnerClass" name="testMethod" time="231.409"/>
  <system-out/>
  <testcase classname="mainPackage.RunnerClass" name="testMethod" time="231.596"/>
  <system-out/>
  <testcase classname="mainPackage.RunnerClass" name="testMethod" time="189.758"/>
  <system-out/>
  <testcase classname="mainPackage.RunnerClass" name="testMethod" time="454.315"/>
  <system-out/>
  <testcase classname="mainPackage.RunnerClass" name="testMethod" time="270.802"/>
  <system-out/>
  <testcase classname="mainPackage.RunnerClass" name="testMethod" time="198.367"/>
  <system-out/>
  <testcase classname="mainPackage.RunnerClass" name="testMethod" time="221.963"/>
  <system-out/>
  <testcase classname="mainPackage.RunnerClass" name="testMethod" time="325.038"/>
  <system-out/>
  <testcase classname="mainPackage.RunnerClass" name="testMethod" time="196.306"/>
  <system-out/>
  <testcase classname="mainPackage.RunnerClass" name="testMethod" time="240.516"/>
  <system-out/>
  <testcase classname="mainPackage.RunnerClass" name="testMethod" time="332.243"/>
  <system-out/>
  <testcase classname="mainPackage.RunnerClass" name="testMethod" time="817.359"/>
  <system-out/>
  <testcase classname="mainPackage.RunnerClass" name="testMethod" time="465.151"/>
  <system-out/>
  <testcase classname="mainPackage.RunnerClass" name="testMethod" time="245.541"/>
  <system-out/>
  <testcase classname="mainPackage.RunnerClass" name="testMethod" time="226.880"/>
  <system-out/>
  <testcase classname="mainPackage.RunnerClass" name="testMethod" time="204.579"/>
  <system-out/>
  <testcase classname="mainPackage.RunnerClass" name="testMethod" time="257.015"/>
  <system-out/>
  <testcase classname="mainPackage.RunnerClass" name="testMethod" time="683.803"/>
  <system-out/>
  <testcase classname="mainPackage.RunnerClass" name="testMethod" time="567.022"/>
  <system-out/>
  <testcase classname="mainPackage.RunnerClass" name="testMethod" time="238.057"/>
  <system-out/>
  <testcase classname="mainPackage.RunnerClass" name="testMethod" time="338.481"/>
  <system-out/>
  <testcase classname="mainPackage.RunnerClass" name="testMethod" time="293.619"/>
  <system-out/>
  <testcase classname="mainPackage.RunnerClass" name="testMethod" time="259.398"/>
  <system-out/>
  <testcase classname="mainPackage.RunnerClass" name="testMethod" time="275.388"/>
  <system-out/>
  <testcase classname="mainPackage.RunnerClass" name="testMethod" time="289.480"/>
  <system-out/>
  <testcase classname="mainPackage.RunnerClass" name="testMethod" time="238.943"/>
  <system-out/>
  <testcase classname="mainPackage.RunnerClass" name="testMethod" time="284.940"/>
  <system-out/>
  <testcase classname="mainPackage.RunnerClass" name="testMethod" time="305.276"/>
  <system-out/>
  <testcase classname="mainPackage.RunnerClass" name="testMethod" time="282.945"/>
  <system-out/>
  <testcase classname="mainPackage.RunnerClass" name="testMethod" time="227.245"/>
  <system-out/>
  <testcase classname="mainPackage.RunnerClass" name="testMethod" time="196.185"/>
  <system-out/>
  <testcase classname="mainPackage.RunnerClass" name="testMethod" time="292.684"/>
  <system-out/>
  <testcase classname="mainPackage.RunnerClass" name="testMethod" time="493.452"/>
  <system-out/>
  <testcase classname="mainPackage.RunnerClass" name="testMethod" time="280.944"/>
  <system-out/>
  <testcase classname="mainPackage.RunnerClass" name="testMethod" time="293.460"/>
  <system-out/>
  <testcase classname="mainPackage.RunnerClass" name="testMethod" time="175.565"/>
  <system-out/>
  <testcase classname="mainPackage.RunnerClass" name="testMethod" time="287.459"/>
  <system-out/>
  <testcase classname="mainPackage.RunnerClass" name="testMethod" time="83.661"/>
  <system-out/>
  <testcase classname="mainPackage.RunnerClass" name="testMethod" time="217.419"/>
  <system-out/>
  <testcase classname="mainPackage.RunnerClass" name="testMethod" time="327.943"/>
  <system-out/>
  <testcase classname="mainPackage.RunnerClass" name="testMethod" time="249.150"/>
  <system-out/>
  <testcase classname="mainPackage.RunnerClass" name="testMethod" time="219.332"/>
  <system-out/>
  <testcase classname="mainPackage.RunnerClass" name="testMethod" time="282.375"/>
  <system-out/>
  <testcase classname="mainPackage.RunnerClass" name="testMethod" time="211.969"/>
  <system-out/>
  <testcase classname="mainPackage.RunnerClass" name="testMethod" time="245.298"/>
  <system-out/>
  <testcase classname="mainPackage.RunnerClass" name="testMethod" time="230.871"/>
  <system-out/>
  <testcase classname="mainPackage.RunnerClass" name="testMethod" time="56.992"/>
  <system-out/>
  <testcase classname="mainPackage.RunnerClass" name="testMethod" time="212.584"/>
  <system-out/>
  <testcase classname="mainPackage.RunnerClass" name="testMethod" time="261.208"/>
  <system-out/>
  <testcase classname="mainPackage.RunnerClass" name="testMethod" time="182.978"/>
  <system-out/>
  <testcase classname="mainPackage.RunnerClass" name="testMethod" time="227.845"/>
  <system-out/>
  <testcase classname="mainPackage.RunnerClass" name="testMethod" time="241.693"/>
  <system-out/>
  <testcase classname="mainPackage.RunnerClass" name="testMethod" time="190.931"/>
  <system-out/>
  <testcase classname="mainPackage.RunnerClass" name="testMethod" time="250.314"/>
  <system-out/>
  <testcase classname="mainPackage.RunnerClass" name="testMethod" time="209.491"/>
  <system-out/>
  <testcase classname="mainPackage.RunnerClass" name="testMethod" time="408.856"/>
  <system-out/>
  <testcase classname="mainPackage.RunnerClass" name="testMethod" time="318.755"/>
  <system-out/>
  <testcase classname="mainPackage.RunnerClass" name="testMethod" time="192.704"/>
  <system-out/>
  <testcase classname="mainPackage.RunnerClass" name="testMethod" time="302.600"/>
  <system-out/>
  <testcase classname="mainPackage.RunnerClass" name="testMethod" time="239.349"/>
  <system-out/>
  <testcase classname="mainPackage.RunnerClass" name="testMethod" time="216.397"/>
  <system-out/>
  <testcase classname="mainPackage.RunnerClass" name="testMethod" time="275.494"/>
  <system-out/>
  <testcase classname="mainPackage.RunnerClass" name="testMethod" time="265.294"/>
  <system-out/>
  <testcase classname="mainPackage.RunnerClass" name="testMethod" time="280.479"/>
  <system-out/>
  <testcase classname="mainPackage.RunnerClass" name="testMethod" time="257.283"/>
  <system-out/>
  <testcase classname="mainPackage.RunnerClass" name="testMethod" time="31.409"/>
  <system-out/>
  <testcase classname="mainPackage.RunnerClass" name="testMethod" time="236.653"/>
  <system-out/>
  <testcase classname="mainPackage.RunnerClass" name="testMethod" time="528.197"/>
  <system-out/>
  <testcase classname="mainPackage.RunnerClass" name="testMethod" time="255.434"/>
  <system-out/>
  <testcase classname="mainPackage.RunnerClass" name="testMethod" time="313.841"/>
  <system-out/>
  <testcase classname="mainPackage.RunnerClass" name="testMethod" time="243.164"/>
  <system-out/>
  <testcase classname="mainPackage.RunnerClass" name="testMethod" time="388.190"/>
  <system-out/>
  <testcase classname="mainPackage.RunnerClass" name="testMethod" time="193.224"/>
  <system-out/>
  <testcase classname="mainPackage.RunnerClass" name="testMethod" time="312.945"/>
  <system-out/>
  <testcase classname="mainPackage.RunnerClass" name="testMethod" time="200.369"/>
  <system-out/>
  <testcase classname="mainPackage.RunnerClass" name="testMethod" time="227.085"/>
  <system-out/>
  <testcase classname="mainPackage.RunnerClass" name="testMethod" time="213.354"/>
  <system-out/>
  <testcase classname="mainPackage.RunnerClass" name="testMethod" time="237.715"/>
  <system-out/>
  <testcase classname="mainPackage.RunnerClass" name="testMethod" time="222.701"/>
  <system-out/>
  <testcase classname="mainPackage.RunnerClass" name="testMethod" time="280.189"/>
  <system-out/>
  <testcase classname="mainPackage.RunnerClass" name="testMethod" time="208.856"/>
  <system-out/>
  <testcase classname="mainPackage.RunnerClass" name="testMethod" time="183.917"/>
  <system-out/>
  <testcase classname="mainPackage.RunnerClass" name="testMethod" time="234.210"/>
  <system-out/>
  <testcase classname="mainPackage.RunnerClass" name="testMethod" time="732.358"/>
  <system-out/>
  <testcase classname="mainPackage.RunnerClass" name="testMethod" time="290.563"/>
  <system-out/>
  <testcase classname="mainPackage.RunnerClass" name="testMethod" time="197.014"/>
  <system-out/>
  <testcase classname="mainPackage.RunnerClass" name="testMethod" time="472.781"/>
  <system-out/>
  <testcase classname="mainPackage.RunnerClass" name="testMethod" time="207.286"/>
  <system-out/>
  <testcase classname="mainPackage.RunnerClass" name="testMethod" time="239.354"/>
  <system-out/>
  <testcase classname="mainPackage.RunnerClass" name="testMethod" time="195.535"/>
  <system-out/>
  <testcase classname="mainPackage.RunnerClass" name="testMethod" time="309.506"/>
  <system-out/>
  <testcase classname="mainPackage.RunnerClass" name="testMethod" time="203.656"/>
  <system-out/>
  <testcase classname="mainPackage.RunnerClass" name="testMethod" time="238.645"/>
  <system-out/>
  <testcase classname="mainPackage.RunnerClass" name="testMethod" time="269.837"/>
  <system-out/>
  <testcase classname="mainPackage.RunnerClass" name="testMethod" time="275.885"/>
  <system-out/>
  <testcase classname="mainPackage.RunnerClass" name="testMethod" time="180.077"/>
  <system-out/>
  <testcase classname="mainPackage.RunnerClass" name="testMethod" time="202.078"/>
  <system-out/>
  <testcase classname="mainPackage.RunnerClass" name="testMethod" time="202.383"/>
  <system-out/>
  <testcase classname="mainPackage.RunnerClass" name="testMethod" time="212.283"/>
  <system-out/>
  <testcase classname="mainPackage.RunnerClass" name="testMethod" time="280.781"/>
  <system-out/>
  <testcase classname="mainPackage.RunnerClass" name="testMethod" time="525.117"/>
  <system-out/>
  <testcase classname="mainPackage.RunnerClass" name="testMethod" time="244.119"/>
  <system-out/>
  <testcase classname="mainPackage.RunnerClass" name="testMethod" time="216.587"/>
  <system-out/>
  <testcase classname="mainPackage.RunnerClass" name="testMethod" time="287.367"/>
  <system-out/>
  <testcase classname="mainPackage.RunnerClass" name="testMethod" time="280.272"/>
  <system-out/>
  <testcase classname="mainPackage.RunnerClass" name="testMethod" time="191.978"/>
  <system-out/>
  <testcase classname="mainPackage.RunnerClass" name="testMethod" time="194.217"/>
  <system-out/>
  <testcase classname="mainPackage.RunnerClass" name="testMethod" time="230.596"/>
  <system-out/>
  <testcase classname="mainPackage.RunnerClass" name="testMethod" time="208.426"/>
  <system-out/>
  <testcase classname="mainPackage.RunnerClass" name="testMethod" time="188.997"/>
  <system-out/>
  <testcase classname="mainPackage.RunnerClass" name="testMethod" time="359.240"/>
  <system-out/>
  <testcase classname="mainPackage.RunnerClass" name="testMethod" time="192.099"/>
  <system-out/>
  <testcase classname="mainPackage.RunnerClass" name="testMethod" time="216.733"/>
  <system-out/>
  <testcase classname="mainPackage.RunnerClass" name="testMethod" time="107.126"/>
  <system-out/>
  <testcase classname="mainPackage.RunnerClass" name="testMethod" time="253.378"/>
  <system-out/>
  <testcase classname="mainPackage.RunnerClass" name="testMethod" time="282.509"/>
  <system-out/>
  <testcase classname="mainPackage.RunnerClass" name="testMethod" time="214.759"/>
  <system-out/>
  <testcase classname="mainPackage.RunnerClass" name="testMethod" time="266.454"/>
  <system-out/>
  <testcase classname="mainPackage.RunnerClass" name="testMethod" time="221.567"/>
  <system-out/>
  <testcase classname="mainPackage.RunnerClass" name="testMethod" time="223.227"/>
  <system-out/>
  <testcase classname="mainPackage.RunnerClass" name="testMethod" time="267.585"/>
  <system-out/>
  <testcase classname="mainPackage.RunnerClass" name="testMethod" time="237.672"/>
  <system-out/>
  <testcase classname="mainPackage.RunnerClass" name="testMethod" time="240.647"/>
  <system-out/>
  <testcase classname="mainPackage.RunnerClass" name="testMethod" time="198.177"/>
  <system-out/>
  <testcase classname="mainPackage.RunnerClass" name="testMethod" time="206.939"/>
  <system-out/>
  <testcase classname="mainPackage.RunnerClass" name="testMethod" time="463.742"/>
  <system-out/>
  <testcase classname="mainPackage.RunnerClass" name="testMethod" time="252.075"/>
  <system-out/>
  <testcase classname="mainPackage.RunnerClass" name="testMethod" time="260.239"/>
  <system-out/>
</testsuite> <!-- mainPackage.RunnerClass -->
