<?xml version="1.0" encoding="UTF-8"?>
<!-- Generated by org.testng.reporters.JUnitReportReporter -->
<testsuite hostname="LPDEV01" failures="0" tests="5" name="mainPackage.RunnerClass" time="30837.787" errors="0" timestamp="2024-04-04T15:39:02 IST" skipped="0">
  <testcase classname="mainPackage.RunnerClass" name="testMethod" time="14641.532"/>
  <system-out/>
  <testcase classname="mainPackage.RunnerClass" name="testMethod" time="624.832"/>
  <system-out/>
  <testcase classname="mainPackage.RunnerClass" name="testMethod" time="522.906"/>
  <system-out/>
  <testcase classname="mainPackage.RunnerClass" name="testMethod" time="429.807"/>
  <system-out/>
  <testcase classname="mainPackage.RunnerClass" name="testMethod" time="14618.711"/>
  <system-out/>
</testsuite> <!-- mainPackage.RunnerClass -->
