<?xml version="1.0" encoding="UTF-8"?>
<!-- Generated by org.testng.reporters.JUnitReportReporter -->
<testsuite hostname="LPDEV01" failures="0" tests="5" name="mainPackage.RunnerClass" time="2503.301" errors="0" timestamp="2024-04-12T15:39:42 IST" skipped="0">
  <testcase classname="mainPackage.RunnerClass" name="testMethod" time="603.766"/>
  <system-out/>
  <testcase classname="mainPackage.RunnerClass" name="testMethod" time="160.408"/>
  <system-out/>
  <testcase classname="mainPackage.RunnerClass" name="testMethod" time="947.894"/>
  <system-out/>
  <testcase classname="mainPackage.RunnerClass" name="testMethod" time="251.277"/>
  <system-out/>
  <testcase classname="mainPackage.RunnerClass" name="testMethod" time="539.956"/>
  <system-out/>
</testsuite> <!-- mainPackage.RunnerClass -->
