<?xml version="1.0" encoding="UTF-8"?>
<!-- Generated by org.testng.reporters.JUnitReportReporter -->
<testsuite hostname="azrsrv002" failures="0" tests="1" name="mainPackage.RunnerClass" time="780.877" errors="0" timestamp="2024-04-23T06:53:50 EDT" skipped="0">
  <testcase classname="mainPackage.RunnerClass" name="testMethod" time="780.877"/>
  <system-out/>
</testsuite> <!-- mainPackage.RunnerClass -->
